# JRE version: Java(TM) SE Runtime Environment (8.0_172-b11) (build 1.8.0_172-b11)
# Java VM: Java HotSpot(TM) 64-Bit Server VM (25.172-b11 mixed mode windows-amd64 compressed oops)
Heap:
 PSYoungGen      total 17920K, used 1887K [0x00000000ec600000, 0x00000000eda00000, 0x0000000100000000)
  eden space 15360K, 12% used [0x00000000ec600000,0x00000000ec7d7ed8,0x00000000ed500000)
  from space 2560K, 0% used [0x00000000ed500000,0x00000000ed500000,0x00000000ed780000)
  to   space 2560K, 0% used [0x00000000ed780000,0x00000000ed780000,0x00000000eda00000)
 ParOldGen       total 30208K, used 1627K [0x00000000c5200000, 0x00000000c6f80000, 0x00000000ec600000)
  object space 30208K, 5% used [0x00000000c5200000,0x00000000c5396db8,0x00000000c6f80000)
 Metaspace       used 11417K, capacity 11588K, committed 11904K, reserved 1064960K
  class space    used 1496K, capacity 1578K, committed 1664K, reserved 1048576K
GC Heap History (4 events):
Event: 0.600 GC heap before
{Heap before GC invocations=1 (full 0):
 PSYoungGen      total 17920K, used 5232K [0x00000000ec600000, 0x00000000eda00000, 0x0000000100000000)
  eden space 15360K, 34% used [0x00000000ec600000,0x00000000ecb1c2d0,0x00000000ed500000)
  from space 2560K, 0% used [0x00000000ed780000,0x00000000ed780000,0x00000000eda00000)
  to   space 2560K, 0% used [0x00000000ed500000,0x00000000ed500000,0x00000000ed780000)
 ParOldGen       total 40960K, used 0K [0x00000000c5200000, 0x00000000c7a00000, 0x00000000ec600000)
  object space 40960K, 0% used [0x00000000c5200000,0x00000000c5200000,0x00000000c7a00000)
 Metaspace       used 10289K, capacity 10404K, committed 10496K, reserved 1067008K
  class space    used 1370K, capacity 1444K, committed 1536K, reserved 1048576K
Event: 0.606 GC heap after
Heap after GC invocations=1 (full 0):
 PSYoungGen      total 17920K, used 1728K [0x00000000ec600000, 0x00000000eda00000, 0x0000000100000000)
  eden space 15360K, 0% used [0x00000000ec600000,0x00000000ec600000,0x00000000ed500000)
  from space 2560K, 67% used [0x00000000ed500000,0x00000000ed6b0000,0x00000000ed780000)
  to   space 2560K, 0% used [0x00000000ed780000,0x00000000ed780000,0x00000000eda00000)
 ParOldGen       total 40960K, used 8K [0x00000000c5200000, 0x00000000c7a00000, 0x00000000ec600000)
  object space 40960K, 0% used [0x00000000c5200000,0x00000000c5202000,0x00000000c7a00000)
 Metaspace       used 10289K, capacity 10404K, committed 10496K, reserved 1067008K
  class space    used 1370K, capacity 1444K, committed 1536K, reserved 1048576K
}
Event: 0.606 GC heap before
{Heap before GC invocations=2 (full 1):
 PSYoungGen      total 17920K, used 1728K [0x00000000ec600000, 0x00000000eda00000, 0x0000000100000000)
  eden space 15360K, 0% used [0x00000000ec600000,0x00000000ec600000,0x00000000ed500000)
  from space 2560K, 67% used [0x00000000ed500000,0x00000000ed6b0000,0x00000000ed780000)
  to   space 2560K, 0% used [0x00000000ed780000,0x00000000ed780000,0x00000000eda00000)
 ParOldGen       total 40960K, used 8K [0x00000000c5200000, 0x00000000c7a00000, 0x00000000ec600000)
  object space 40960K, 0% used [0x00000000c5200000,0x00000000c5202000,0x00000000c7a00000)
 Metaspace       used 10289K, capacity 10404K, committed 10496K, reserved 1067008K
  class space    used 1370K, capacity 1444K, committed 1536K, reserved 1048576K
Event: 0.628 GC heap after
Heap after GC invocations=2 (full 1):
 PSYoungGen      total 17920K, used 0K [0x00000000ec600000, 0x00000000eda00000, 0x0000000100000000)
  eden space 15360K, 0% used [0x00000000ec600000,0x00000000ec600000,0x00000000ed500000)
  from space 2560K, 0% used [0x00000000ed500000,0x00000000ed500000,0x00000000ed780000)
  to   space 2560K, 0% used [0x00000000ed780000,0x00000000ed780000,0x00000000eda00000)
 ParOldGen       total 30208K, used 1627K [0x00000000c5200000, 0x00000000c6f80000, 0x00000000ec600000)
  object space 30208K, 5% used [0x00000000c5200000,0x00000000c5396db8,0x00000000c6f80000)
 Metaspace       used 10289K, capacity 10404K, committed 10496K, reserved 1064960K
  class space    used 1370K, capacity 1444K, committed 1536K, reserved 1048576K
}

